0 info it worked if it ends with ok
1 verbose cli [ 'C:\\Program Files (x86)\\Nodist\\v-x64\\7.6.0\\node.exe',
1 verbose cli   'C:\\Program Files (x86)\\Nodist\\npmv\\4.0.5\\bin\\npm-cli.js',
1 verbose cli   'publish' ]
2 info using npm@4.0.5
3 info using node@v7.6.0
4 verbose publish [ '.' ]
5 silly cache add args [ '.', null ]
6 verbose cache add spec .
7 silly cache add parsed spec Result {
7 silly cache add   raw: '.',
7 silly cache add   scope: null,
7 silly cache add   escapedName: null,
7 silly cache add   name: null,
7 silly cache add   rawSpec: '.',
7 silly cache add   spec: 'C:\\Users\\FMVA77HWZ\\mydev\\products\\atra',
7 silly cache add   type: 'directory' }
8 verbose addLocalDirectory C:\Users\FMVA77HWZ\AppData\Roaming\npm-cache\atra\0.0.1\package.tgz not in flight; packing
9 verbose correctMkdir C:\Users\FMVA77HWZ\AppData\Roaming\npm-cache correctMkdir not in flight; initializing
10 warn prepublish-on-install As of npm@5, `prepublish` scripts will run only for `npm publish`.
11 warn prepublish-on-install (In npm@4 and previous versions, it also runs for `npm install`.)
12 warn prepublish-on-install See the deprecation note in `npm help scripts` for more information.
13 info lifecycle atra@0.0.1~prepublish: atra@0.0.1
14 verbose lifecycle atra@0.0.1~prepublish: unsafe-perm in lifecycle true
15 verbose lifecycle atra@0.0.1~prepublish: PATH: C:\Program Files (x86)\Nodist\npmv\4.0.5\bin\node-gyp-bin;C:\Users\FMVA77HWZ\mydev\products\atra\node_modules\.bin;C:\Program Files (x86)\Nodist\v-x64\7.6.0;C:\Python27\;C:\Python27\Scripts;C:\Program Files\Common Files\Microsoft Shared\Windows Live;C:\Program Files (x86)\Common Files\Microsoft Shared\Windows Live;C:\Program Files (x86)\Intel\iCLS Client\;C:\Program Files\Intel\iCLS Client\;C:\WINDOWS\system32;C:\WINDOWS;C:\WINDOWS\System32\Wbem;C:\WINDOWS\System32\WindowsPowerShell\v1.0\;C:\Program Files\Intel\Intel(R) Management Engine Components\DAL;C:\Program Files\Intel\Intel(R) Management Engine Components\IPT;C:\Program Files (x86)\Intel\Intel(R) Management Engine Components\DAL;C:\Program Files (x86)\Intel\Intel(R) Management Engine Components\IPT;C:\Program Files (x86)\Common Files\Roxio Shared\OEM\DLLShared\;C:\Program Files (x86)\Common Files\Roxio Shared\OEM\12.0\DLLShared\;C:\Program Files (x86)\Roxio 2010\OEM\AudioCore\;C:\Program Files (x86)\Windows Live\Shared;C:\Program Files (x86)\Intel\OpenCL SDK\2.0\bin\x86;C:\Program Files (x86)\Intel\OpenCL SDK\2.0\bin\x64;C:\Program Files\Intel\WiFi\bin\;C:\Program Files\Common Files\Intel\WirelessCommon\;c:\Program Files (x86)\Common Files\Ulead Systems\MPEG;C:\Program Files (x86)\Fujitsu\FJAgent\Core\bin;C:\Program Files (x86)\Common Files\Adobe\AGL;C:\Program Files (x86)\Skype\Phone\;C:\WINDOWS\system32\config\systemprofile\.dnx\bin;C:\Program Files\Microsoft DNX\Dnvm\;C:\Program Files (x86)\QuickTime\QTSystem\;C:\Program Files (x86)\GtkSharp\2.12\bin;C:\Program Files (x86)\Heroku\bin;C:\Users\FMVA77HWZ\.nvmw;C:\ProgramData\chocolatey\bin;C:\Program Files\Git\cmd;C:\Program Files (x86)\Nodist\bin;C:\Program Files\Nodist\bin;C:\Users\FMVA77HWZ\AppData\Local\Microsoft\WindowsApps;C:\Users\FMVA77HWZ\AppData\Local\atom\bin;C:\Users\FMVA77HWZ\AppData\Local\Microsoft\WindowsApps;C:\Program Files\Heroku\bin;%DASHLANE_DLL_DIR%;
16 verbose lifecycle atra@0.0.1~prepublish: CWD: C:\Users\FMVA77HWZ\mydev\products\atra
17 silly lifecycle atra@0.0.1~prepublish: Args: [ '/d /s /c', 'npm run compile' ]
18 silly lifecycle atra@0.0.1~prepublish: Returned: code: 0  signal: null
19 info lifecycle atra@0.0.1~prepare: atra@0.0.1
20 silly lifecycle atra@0.0.1~prepare: no script for prepare, continuing
21 verbose tar pack [ 'C:\\Users\\FMVA77HWZ\\AppData\\Roaming\\npm-cache\\atra\\0.0.1\\package.tgz',
21 verbose tar pack   'C:\\Users\\FMVA77HWZ\\mydev\\products\\atra' ]
22 verbose tarball C:\Users\FMVA77HWZ\AppData\Roaming\npm-cache\atra\0.0.1\package.tgz
23 verbose folder C:\Users\FMVA77HWZ\mydev\products\atra
24 verbose addLocalTarball adding from inside cache C:\Users\FMVA77HWZ\AppData\Roaming\npm-cache\atra\0.0.1\package.tgz
25 verbose correctMkdir C:\Users\FMVA77HWZ\AppData\Roaming\npm-cache correctMkdir not in flight; initializing
26 silly cache afterAdd atra@0.0.1
27 verbose afterAdd C:\Users\FMVA77HWZ\AppData\Roaming\npm-cache\atra\0.0.1\package\package.json not in flight; writing
28 verbose correctMkdir C:\Users\FMVA77HWZ\AppData\Roaming\npm-cache correctMkdir not in flight; initializing
29 verbose afterAdd C:\Users\FMVA77HWZ\AppData\Roaming\npm-cache\atra\0.0.1\package\package.json written
30 silly publish { name: 'atra',
30 silly publish   version: '0.0.1',
30 silly publish   description: '```js:Component.js\r import React from "react";\r import Atra from "atra";',
30 silly publish   main: 'index.js',
30 silly publish   scripts:
30 silly publish    { mocha: 'mocha',
30 silly publish      flow: 'flow',
30 silly publish      babel: 'babel src --out-dir dist',
30 silly publish      lint: 'eslint --fix dist',
30 silly publish      compile: 'run-s mocha flow babel lint',
30 silly publish      prepublish: 'npm run compile',
30 silly publish      versionUp: 'node ./script/version_up',
30 silly publish      add: 'git add .',
30 silly publish      commit: 'git commit -F ./cm.txt',
30 silly publish      push: 'git push origin master',
30 silly publish      github: 'run-s add commit push',
30 silly publish      postpublish: 'npm run github' },
30 silly publish   author: { name: 'kthjm', email: 'toxictoxer@gmail.com' },
30 silly publish   repository: { type: 'git', url: 'git+https://github.com/kthjm/atra.git' },
30 silly publish   license: 'MIT',
30 silly publish   dependencies: {},
30 silly publish   devDependencies:
30 silly publish    { 'babel-cli': '^6.23.0',
30 silly publish      'babel-eslint': '^7.1.1',
30 silly publish      'babel-plugin-add-module-exports': '^0.2.1',
30 silly publish      'babel-plugin-transform-runtime': '^6.23.0',
30 silly publish      'babel-preset-es2015': '^6.22.0',
30 silly publish      'babel-preset-flow': '^6.23.0',
30 silly publish      'babel-preset-power-assert': '^1.0.0',
30 silly publish      'babel-register': '^6.24.1',
30 silly publish      'babel-runtime': '^6.23.0',
30 silly publish      eslint: '^3.17.1',
30 silly publish      'eslint-plugin-flowtype': '^2.33.0',
30 silly publish      'flow-bin': '^0.47.0',
30 silly publish      'fs-extra': '^3.0.1',
30 silly publish      mocha: '^3.4.2',
30 silly publish      'npm-run-all': '^4.0.2',
30 silly publish      'power-assert': '^1.4.2' },
30 silly publish   readme: '## atra\r\n\r\n##### atra works for attributes in JSX.\r\n\r\n```js:Component.js\r\nimport React from "react";\r\nimport Atra from "atra";\r\n\r\n/*\r\nprops = {\r\n    span: {\r\n        style: "#198237"\r\n    },\r\n    a: {\r\n        href: "hoge.com",\r\n        target: "_blank",\r\n        children: "hoge"\r\n    }\r\n};\r\n*/\r\n\r\nexport default ({span,a}) => (\r\n    <div {...atra("div")}\r\n        <span {...atra("span",span)} />\r\n        <a {...atra("a",a)} />\r\n    </div>\r\n);\r\n\r\nconst atra = Atra({\r\n    div: {\r\n        margin: 10\r\n    },\r\n    span: (background)=>({\r\n        background: background\r\n    }),\r\n    a: ({href,target,children})=>({\r\n        href: href,\r\n        target: target,\r\n        children: children,\r\n        style: {\r\n            textDecoration: "none",\r\n            color: "inherit"\r\n        }\r\n    })\r\n});\r\n```\r\n',
30 silly publish   readmeFilename: 'README.md',
30 silly publish   gitHead: 'feeb041d103308c8f827f1a94b7da9e4e5b5f77b',
30 silly publish   bugs: { url: 'https://github.com/kthjm/atra/issues' },
30 silly publish   homepage: 'https://github.com/kthjm/atra#readme',
30 silly publish   _id: 'atra@0.0.1',
30 silly publish   _shasum: 'ba2d712e2f4720f29aa5e4bd40be48d9ef13c34f',
30 silly publish   _from: '.' }
31 info lifecycle atra@0.0.1~prepublishOnly: atra@0.0.1
32 silly lifecycle atra@0.0.1~prepublishOnly: no script for prepublishOnly, continuing
33 verbose getPublishConfig undefined
34 silly mapToRegistry name atra
35 silly mapToRegistry using default registry
36 silly mapToRegistry registry https://registry.npmjs.org/
37 silly mapToRegistry data Result {
37 silly mapToRegistry   raw: 'atra',
37 silly mapToRegistry   scope: null,
37 silly mapToRegistry   escapedName: 'atra',
37 silly mapToRegistry   name: 'atra',
37 silly mapToRegistry   rawSpec: '',
37 silly mapToRegistry   spec: 'latest',
37 silly mapToRegistry   type: 'tag' }
38 silly mapToRegistry uri https://registry.npmjs.org/atra
39 verbose publish registryBase https://registry.npmjs.org/
40 silly publish uploading C:\Users\FMVA77HWZ\AppData\Roaming\npm-cache\atra\0.0.1\package.tgz
41 verbose request uri https://registry.npmjs.org/atra
42 verbose request sending authorization for write operation
43 info attempt registry request try #1 at 3:39:14 AM
44 verbose request using bearer token for auth
45 verbose request id 790a694aa18a4099
46 http request PUT https://registry.npmjs.org/atra
47 http 200 https://registry.npmjs.org/atra
48 verbose headers { 'content-type': 'application/json',
48 verbose headers   'content-encoding': 'gzip',
48 verbose headers   'cache-control': 'max-age=300',
48 verbose headers   'transfer-encoding': 'chunked',
48 verbose headers   'accept-ranges': 'bytes',
48 verbose headers   date: 'Fri, 02 Jun 2017 18:39:17 GMT',
48 verbose headers   via: '1.1 varnish',
48 verbose headers   connection: 'keep-alive',
48 verbose headers   'x-served-by': 'cache-itm7427-ITM',
48 verbose headers   'x-cache': 'MISS',
48 verbose headers   'x-cache-hits': '0',
48 verbose headers   'x-timer': 'S1496428756.112771,VS0,VE1002',
48 verbose headers   vary: 'Accept-Encoding' }
49 verbose request invalidating C:\Users\FMVA77HWZ\AppData\Roaming\npm-cache\registry.npmjs.org\atra on PUT
50 info lifecycle atra@0.0.1~publish: atra@0.0.1
51 silly lifecycle atra@0.0.1~publish: no script for publish, continuing
52 info lifecycle atra@0.0.1~postpublish: atra@0.0.1
53 verbose lifecycle atra@0.0.1~postpublish: unsafe-perm in lifecycle true
54 verbose lifecycle atra@0.0.1~postpublish: PATH: C:\Program Files (x86)\Nodist\npmv\4.0.5\bin\node-gyp-bin;C:\Users\FMVA77HWZ\mydev\products\atra\node_modules\.bin;C:\Program Files (x86)\Nodist\v-x64\7.6.0;C:\Python27\;C:\Python27\Scripts;C:\Program Files\Common Files\Microsoft Shared\Windows Live;C:\Program Files (x86)\Common Files\Microsoft Shared\Windows Live;C:\Program Files (x86)\Intel\iCLS Client\;C:\Program Files\Intel\iCLS Client\;C:\WINDOWS\system32;C:\WINDOWS;C:\WINDOWS\System32\Wbem;C:\WINDOWS\System32\WindowsPowerShell\v1.0\;C:\Program Files\Intel\Intel(R) Management Engine Components\DAL;C:\Program Files\Intel\Intel(R) Management Engine Components\IPT;C:\Program Files (x86)\Intel\Intel(R) Management Engine Components\DAL;C:\Program Files (x86)\Intel\Intel(R) Management Engine Components\IPT;C:\Program Files (x86)\Common Files\Roxio Shared\OEM\DLLShared\;C:\Program Files (x86)\Common Files\Roxio Shared\OEM\12.0\DLLShared\;C:\Program Files (x86)\Roxio 2010\OEM\AudioCore\;C:\Program Files (x86)\Windows Live\Shared;C:\Program Files (x86)\Intel\OpenCL SDK\2.0\bin\x86;C:\Program Files (x86)\Intel\OpenCL SDK\2.0\bin\x64;C:\Program Files\Intel\WiFi\bin\;C:\Program Files\Common Files\Intel\WirelessCommon\;c:\Program Files (x86)\Common Files\Ulead Systems\MPEG;C:\Program Files (x86)\Fujitsu\FJAgent\Core\bin;C:\Program Files (x86)\Common Files\Adobe\AGL;C:\Program Files (x86)\Skype\Phone\;C:\WINDOWS\system32\config\systemprofile\.dnx\bin;C:\Program Files\Microsoft DNX\Dnvm\;C:\Program Files (x86)\QuickTime\QTSystem\;C:\Program Files (x86)\GtkSharp\2.12\bin;C:\Program Files (x86)\Heroku\bin;C:\Users\FMVA77HWZ\.nvmw;C:\ProgramData\chocolatey\bin;C:\Program Files\Git\cmd;C:\Program Files (x86)\Nodist\bin;C:\Program Files\Nodist\bin;C:\Users\FMVA77HWZ\AppData\Local\Microsoft\WindowsApps;C:\Users\FMVA77HWZ\AppData\Local\atom\bin;C:\Users\FMVA77HWZ\AppData\Local\Microsoft\WindowsApps;C:\Program Files\Heroku\bin;%DASHLANE_DLL_DIR%;
55 verbose lifecycle atra@0.0.1~postpublish: CWD: .
56 silly lifecycle atra@0.0.1~postpublish: Args: [ '/d /s /c', 'npm run github' ]
57 silly lifecycle atra@0.0.1~postpublish: Returned: code: 1  signal: null
58 info lifecycle atra@0.0.1~postpublish: Failed to exec postpublish script
59 verbose stack Error: atra@0.0.1 postpublish: `npm run github`
59 verbose stack Exit status 1
59 verbose stack     at EventEmitter.<anonymous> (C:\Program Files (x86)\Nodist\npmv\4.0.5\lib\utils\lifecycle.js:279:16)
59 verbose stack     at emitTwo (events.js:106:13)
59 verbose stack     at EventEmitter.emit (events.js:192:7)
59 verbose stack     at ChildProcess.<anonymous> (C:\Program Files (x86)\Nodist\npmv\4.0.5\lib\utils\spawn.js:40:14)
59 verbose stack     at emitTwo (events.js:106:13)
59 verbose stack     at ChildProcess.emit (events.js:192:7)
59 verbose stack     at maybeClose (internal/child_process.js:890:16)
59 verbose stack     at Process.ChildProcess._handle.onexit (internal/child_process.js:226:5)
60 verbose pkgid atra@0.0.1
61 verbose cwd C:\Users\FMVA77HWZ\mydev\products\atra
62 error Windows_NT 10.0.15063
63 error argv "C:\\Program Files (x86)\\Nodist\\v-x64\\7.6.0\\node.exe" "C:\\Program Files (x86)\\Nodist\\npmv\\4.0.5\\bin\\npm-cli.js" "publish"
64 error node v7.6.0
65 error npm  v4.0.5
66 error code ELIFECYCLE
67 error atra@0.0.1 postpublish: `npm run github`
67 error Exit status 1
68 error Failed at the atra@0.0.1 postpublish script 'npm run github'.
68 error Make sure you have the latest version of node.js and npm installed.
68 error If you do, this is most likely a problem with the atra package,
68 error not with npm itself.
68 error Tell the author that this fails on your system:
68 error     npm run github
68 error You can get information on how to open an issue for this project with:
68 error     npm bugs atra
68 error Or if that isn't available, you can get their info via:
68 error     npm owner ls atra
68 error There is likely additional logging output above.
69 verbose exit [ 1, true ]
